[0.224s] DEBUG:colcon:Command line arguments: ['/usr/bin/colcon', 'build']
[0.224s] DEBUG:colcon:Parsed command line arguments: Namespace(log_base=None, log_level=None, verb_name='build', build_base='build', install_base='install', merge_install=False, symlink_install=False, test_result_base=None, continue_on_error=False, executor='parallel', parallel_workers=8, event_handlers=None, ignore_user_meta=False, metas=['./colcon.meta'], base_paths=['.'], packages_ignore=None, packages_ignore_regex=None, paths=None, packages_up_to=None, packages_up_to_regex=None, packages_above=None, packages_above_and_dependencies=None, packages_above_depth=None, packages_select_by_dep=None, packages_skip_by_dep=None, packages_skip_up_to=None, packages_select_build_failed=False, packages_skip_build_finished=False, packages_select_test_failures=False, packages_skip_test_passed=False, packages_select=None, packages_skip=None, packages_select_regex=None, packages_skip_regex=None, packages_start=None, packages_end=None, allow_overriding=[], cmake_args=None, cmake_target=None, cmake_target_skip_unavailable=False, cmake_clean_cache=False, cmake_clean_first=False, cmake_force_configure=False, ament_cmake_args=None, catkin_cmake_args=None, catkin_skip_building_tests=False, verb_parser=<colcon_defaults.argument_parser.defaults.DefaultArgumentsDecorator object at 0x7234c3b201a0>, verb_extension=<colcon_core.verb.build.BuildVerb object at 0x7234c3cdbe90>, main=<bound method BuildVerb.main of <colcon_core.verb.build.BuildVerb object at 0x7234c3cdbe90>>)
[0.270s] Level 1:colcon.colcon_core.package_discovery:discover_packages(colcon_meta) check parameters
[0.270s] Level 1:colcon.colcon_core.package_discovery:discover_packages(recursive) check parameters
[0.270s] Level 1:colcon.colcon_core.package_discovery:discover_packages(ignore) check parameters
[0.270s] Level 1:colcon.colcon_core.package_discovery:discover_packages(path) check parameters
[0.270s] Level 1:colcon.colcon_core.package_discovery:discover_packages(colcon_meta) discover
[0.270s] Level 1:colcon.colcon_core.package_discovery:discover_packages(recursive) discover
[0.270s] INFO:colcon.colcon_core.package_discovery:Crawling recursively for packages in '/home/manar/ws_mobile'
[0.270s] Level 1:colcon.colcon_core.package_identification:_identify(.) by extensions ['ignore', 'ignore_ament_install']
[0.270s] Level 1:colcon.colcon_core.package_identification:_identify(.) by extension 'ignore'
[0.270s] Level 1:colcon.colcon_core.package_identification:_identify(.) by extension 'ignore_ament_install'
[0.270s] Level 1:colcon.colcon_core.package_identification:_identify(.) by extensions ['colcon_pkg']
[0.270s] Level 1:colcon.colcon_core.package_identification:_identify(.) by extension 'colcon_pkg'
[0.270s] Level 1:colcon.colcon_core.package_identification:_identify(.) by extensions ['colcon_meta']
[0.270s] Level 1:colcon.colcon_core.package_identification:_identify(.) by extension 'colcon_meta'
[0.270s] Level 1:colcon.colcon_core.package_identification:_identify(.) by extensions ['ros']
[0.270s] Level 1:colcon.colcon_core.package_identification:_identify(.) by extension 'ros'
[0.298s] Level 1:colcon.colcon_core.package_identification:_identify(.) by extensions ['cmake', 'python']
[0.298s] Level 1:colcon.colcon_core.package_identification:_identify(.) by extension 'cmake'
[0.298s] Level 1:colcon.colcon_core.package_identification:_identify(.) by extension 'python'
[0.298s] Level 1:colcon.colcon_core.package_identification:_identify(.) by extensions ['python_setup_py']
[0.299s] Level 1:colcon.colcon_core.package_identification:_identify(.) by extension 'python_setup_py'
[0.299s] Level 1:colcon.colcon_core.package_identification:_identify(build) by extensions ['ignore', 'ignore_ament_install']
[0.299s] Level 1:colcon.colcon_core.package_identification:_identify(build) by extension 'ignore'
[0.299s] Level 1:colcon.colcon_core.package_identification:_identify(build) ignored
[0.299s] Level 1:colcon.colcon_core.package_identification:_identify(install) by extensions ['ignore', 'ignore_ament_install']
[0.299s] Level 1:colcon.colcon_core.package_identification:_identify(install) by extension 'ignore'
[0.299s] Level 1:colcon.colcon_core.package_identification:_identify(install) ignored
[0.299s] Level 1:colcon.colcon_core.package_identification:_identify(log) by extensions ['ignore', 'ignore_ament_install']
[0.299s] Level 1:colcon.colcon_core.package_identification:_identify(log) by extension 'ignore'
[0.299s] Level 1:colcon.colcon_core.package_identification:_identify(log) ignored
[0.299s] Level 1:colcon.colcon_core.package_identification:_identify(src) by extensions ['ignore', 'ignore_ament_install']
[0.299s] Level 1:colcon.colcon_core.package_identification:_identify(src) by extension 'ignore'
[0.299s] Level 1:colcon.colcon_core.package_identification:_identify(src) by extension 'ignore_ament_install'
[0.300s] Level 1:colcon.colcon_core.package_identification:_identify(src) by extensions ['colcon_pkg']
[0.300s] Level 1:colcon.colcon_core.package_identification:_identify(src) by extension 'colcon_pkg'
[0.300s] Level 1:colcon.colcon_core.package_identification:_identify(src) by extensions ['colcon_meta']
[0.300s] Level 1:colcon.colcon_core.package_identification:_identify(src) by extension 'colcon_meta'
[0.300s] Level 1:colcon.colcon_core.package_identification:_identify(src) by extensions ['ros']
[0.300s] Level 1:colcon.colcon_core.package_identification:_identify(src) by extension 'ros'
[0.300s] Level 1:colcon.colcon_core.package_identification:_identify(src) by extensions ['cmake', 'python']
[0.300s] Level 1:colcon.colcon_core.package_identification:_identify(src) by extension 'cmake'
[0.300s] Level 1:colcon.colcon_core.package_identification:_identify(src) by extension 'python'
[0.300s] Level 1:colcon.colcon_core.package_identification:_identify(src) by extensions ['python_setup_py']
[0.300s] Level 1:colcon.colcon_core.package_identification:_identify(src) by extension 'python_setup_py'
[0.300s] Level 1:colcon.colcon_core.package_identification:_identify(src/mobile_robot) by extensions ['ignore', 'ignore_ament_install']
[0.300s] Level 1:colcon.colcon_core.package_identification:_identify(src/mobile_robot) by extension 'ignore'
[0.300s] Level 1:colcon.colcon_core.package_identification:_identify(src/mobile_robot) by extension 'ignore_ament_install'
[0.300s] Level 1:colcon.colcon_core.package_identification:_identify(src/mobile_robot) by extensions ['colcon_pkg']
[0.300s] Level 1:colcon.colcon_core.package_identification:_identify(src/mobile_robot) by extension 'colcon_pkg'
[0.300s] Level 1:colcon.colcon_core.package_identification:_identify(src/mobile_robot) by extensions ['colcon_meta']
[0.300s] Level 1:colcon.colcon_core.package_identification:_identify(src/mobile_robot) by extension 'colcon_meta'
[0.300s] Level 1:colcon.colcon_core.package_identification:_identify(src/mobile_robot) by extensions ['ros']
[0.300s] Level 1:colcon.colcon_core.package_identification:_identify(src/mobile_robot) by extension 'ros'
[0.304s] DEBUG:colcon.colcon_core.package_identification:Package 'src/mobile_robot' with type 'ros.ament_python' and name 'mobile_robot'
[0.304s] Level 1:colcon.colcon_core.package_identification:_identify(src/my_worlds) by extensions ['ignore', 'ignore_ament_install']
[0.304s] Level 1:colcon.colcon_core.package_identification:_identify(src/my_worlds) by extension 'ignore'
[0.304s] Level 1:colcon.colcon_core.package_identification:_identify(src/my_worlds) by extension 'ignore_ament_install'
[0.304s] Level 1:colcon.colcon_core.package_identification:_identify(src/my_worlds) by extensions ['colcon_pkg']
[0.304s] Level 1:colcon.colcon_core.package_identification:_identify(src/my_worlds) by extension 'colcon_pkg'
[0.304s] Level 1:colcon.colcon_core.package_identification:_identify(src/my_worlds) by extensions ['colcon_meta']
[0.304s] Level 1:colcon.colcon_core.package_identification:_identify(src/my_worlds) by extension 'colcon_meta'
[0.304s] Level 1:colcon.colcon_core.package_identification:_identify(src/my_worlds) by extensions ['ros']
[0.304s] Level 1:colcon.colcon_core.package_identification:_identify(src/my_worlds) by extension 'ros'
[0.305s] DEBUG:colcon.colcon_core.package_identification:Package 'src/my_worlds' with type 'ros.ament_cmake' and name 'my_worlds'
[0.305s] Level 1:colcon.colcon_core.package_identification:_identify(src/nav2_config) by extensions ['ignore', 'ignore_ament_install']
[0.305s] Level 1:colcon.colcon_core.package_identification:_identify(src/nav2_config) by extension 'ignore'
[0.305s] Level 1:colcon.colcon_core.package_identification:_identify(src/nav2_config) by extension 'ignore_ament_install'
[0.305s] Level 1:colcon.colcon_core.package_identification:_identify(src/nav2_config) by extensions ['colcon_pkg']
[0.305s] Level 1:colcon.colcon_core.package_identification:_identify(src/nav2_config) by extension 'colcon_pkg'
[0.305s] Level 1:colcon.colcon_core.package_identification:_identify(src/nav2_config) by extensions ['colcon_meta']
[0.305s] Level 1:colcon.colcon_core.package_identification:_identify(src/nav2_config) by extension 'colcon_meta'
[0.305s] Level 1:colcon.colcon_core.package_identification:_identify(src/nav2_config) by extensions ['ros']
[0.305s] Level 1:colcon.colcon_core.package_identification:_identify(src/nav2_config) by extension 'ros'
[0.305s] Level 1:colcon.colcon_core.package_identification:_identify(src/nav2_config) by extensions ['cmake', 'python']
[0.305s] Level 1:colcon.colcon_core.package_identification:_identify(src/nav2_config) by extension 'cmake'
[0.305s] Level 1:colcon.colcon_core.package_identification:_identify(src/nav2_config) by extension 'python'
[0.305s] Level 1:colcon.colcon_core.package_identification:_identify(src/nav2_config) by extensions ['python_setup_py']
[0.305s] Level 1:colcon.colcon_core.package_identification:_identify(src/nav2_config) by extension 'python_setup_py'
[0.305s] Level 1:colcon.colcon_core.package_identification:_identify(src/nav2_config/param) by extensions ['ignore', 'ignore_ament_install']
[0.305s] Level 1:colcon.colcon_core.package_identification:_identify(src/nav2_config/param) by extension 'ignore'
[0.305s] Level 1:colcon.colcon_core.package_identification:_identify(src/nav2_config/param) by extension 'ignore_ament_install'
[0.305s] Level 1:colcon.colcon_core.package_identification:_identify(src/nav2_config/param) by extensions ['colcon_pkg']
[0.306s] Level 1:colcon.colcon_core.package_identification:_identify(src/nav2_config/param) by extension 'colcon_pkg'
[0.306s] Level 1:colcon.colcon_core.package_identification:_identify(src/nav2_config/param) by extensions ['colcon_meta']
[0.306s] Level 1:colcon.colcon_core.package_identification:_identify(src/nav2_config/param) by extension 'colcon_meta'
[0.306s] Level 1:colcon.colcon_core.package_identification:_identify(src/nav2_config/param) by extensions ['ros']
[0.306s] Level 1:colcon.colcon_core.package_identification:_identify(src/nav2_config/param) by extension 'ros'
[0.306s] Level 1:colcon.colcon_core.package_identification:_identify(src/nav2_config/param) by extensions ['cmake', 'python']
[0.306s] Level 1:colcon.colcon_core.package_identification:_identify(src/nav2_config/param) by extension 'cmake'
[0.306s] Level 1:colcon.colcon_core.package_identification:_identify(src/nav2_config/param) by extension 'python'
[0.306s] Level 1:colcon.colcon_core.package_identification:_identify(src/nav2_config/param) by extensions ['python_setup_py']
[0.306s] Level 1:colcon.colcon_core.package_identification:_identify(src/nav2_config/param) by extension 'python_setup_py'
[0.306s] Level 1:colcon.colcon_core.package_discovery:discover_packages(recursive) using defaults
[0.306s] Level 1:colcon.colcon_core.package_discovery:discover_packages(ignore) discover
[0.306s] Level 1:colcon.colcon_core.package_discovery:discover_packages(ignore) using defaults
[0.306s] Level 1:colcon.colcon_core.package_discovery:discover_packages(path) discover
[0.306s] Level 1:colcon.colcon_core.package_discovery:discover_packages(path) using defaults
[0.360s] Level 1:colcon.colcon_core.package_discovery:discover_packages(prefix_path) check parameters
[0.361s] Level 1:colcon.colcon_core.package_discovery:discover_packages(prefix_path) discover
[0.363s] WARNING:colcon.colcon_ros.prefix_path.ament:The path '/home/manar/ws_mobile/install/mobile_robot' in the environment variable AMENT_PREFIX_PATH doesn't exist
[0.363s] WARNING:colcon.colcon_ros.prefix_path.catkin:The path '/home/manar/ws_mobile/install/my_worlds' in the environment variable CMAKE_PREFIX_PATH doesn't exist
[0.364s] DEBUG:colcon.colcon_installed_package_information.package_discovery:Found 0 installed packages in /home/manar/ws_mobile/install
[0.365s] DEBUG:colcon.colcon_installed_package_information.package_discovery:Found 4 installed packages in /home/manar/ros2_ws/install
[0.367s] DEBUG:colcon.colcon_installed_package_information.package_discovery:Found 481 installed packages in /opt/ros/jazzy
[0.368s] Level 1:colcon.colcon_core.package_discovery:discover_packages(prefix_path) using defaults
[0.446s] Level 5:colcon.colcon_core.verb:set package 'mobile_robot' build argument 'cmake_args' from command line to 'None'
[0.446s] Level 5:colcon.colcon_core.verb:set package 'mobile_robot' build argument 'cmake_target' from command line to 'None'
[0.446s] Level 5:colcon.colcon_core.verb:set package 'mobile_robot' build argument 'cmake_target_skip_unavailable' from command line to 'False'
[0.446s] Level 5:colcon.colcon_core.verb:set package 'mobile_robot' build argument 'cmake_clean_cache' from command line to 'False'
[0.446s] Level 5:colcon.colcon_core.verb:set package 'mobile_robot' build argument 'cmake_clean_first' from command line to 'False'
[0.446s] Level 5:colcon.colcon_core.verb:set package 'mobile_robot' build argument 'cmake_force_configure' from command line to 'False'
[0.446s] Level 5:colcon.colcon_core.verb:set package 'mobile_robot' build argument 'ament_cmake_args' from command line to 'None'
[0.446s] Level 5:colcon.colcon_core.verb:set package 'mobile_robot' build argument 'catkin_cmake_args' from command line to 'None'
[0.446s] Level 5:colcon.colcon_core.verb:set package 'mobile_robot' build argument 'catkin_skip_building_tests' from command line to 'False'
[0.446s] DEBUG:colcon.colcon_core.verb:Building package 'mobile_robot' with the following arguments: {'ament_cmake_args': None, 'build_base': '/home/manar/ws_mobile/build/mobile_robot', 'catkin_cmake_args': None, 'catkin_skip_building_tests': False, 'cmake_args': None, 'cmake_clean_cache': False, 'cmake_clean_first': False, 'cmake_force_configure': False, 'cmake_target': None, 'cmake_target_skip_unavailable': False, 'install_base': '/home/manar/ws_mobile/install/mobile_robot', 'merge_install': False, 'path': '/home/manar/ws_mobile/src/mobile_robot', 'symlink_install': False, 'test_result_base': None}
[0.446s] Level 5:colcon.colcon_core.verb:set package 'my_worlds' build argument 'cmake_args' from command line to 'None'
[0.446s] Level 5:colcon.colcon_core.verb:set package 'my_worlds' build argument 'cmake_target' from command line to 'None'
[0.446s] Level 5:colcon.colcon_core.verb:set package 'my_worlds' build argument 'cmake_target_skip_unavailable' from command line to 'False'
[0.446s] Level 5:colcon.colcon_core.verb:set package 'my_worlds' build argument 'cmake_clean_cache' from command line to 'False'
[0.446s] Level 5:colcon.colcon_core.verb:set package 'my_worlds' build argument 'cmake_clean_first' from command line to 'False'
[0.446s] Level 5:colcon.colcon_core.verb:set package 'my_worlds' build argument 'cmake_force_configure' from command line to 'False'
[0.446s] Level 5:colcon.colcon_core.verb:set package 'my_worlds' build argument 'ament_cmake_args' from command line to 'None'
[0.446s] Level 5:colcon.colcon_core.verb:set package 'my_worlds' build argument 'catkin_cmake_args' from command line to 'None'
[0.446s] Level 5:colcon.colcon_core.verb:set package 'my_worlds' build argument 'catkin_skip_building_tests' from command line to 'False'
[0.447s] DEBUG:colcon.colcon_core.verb:Building package 'my_worlds' with the following arguments: {'ament_cmake_args': None, 'build_base': '/home/manar/ws_mobile/build/my_worlds', 'catkin_cmake_args': None, 'catkin_skip_building_tests': False, 'cmake_args': None, 'cmake_clean_cache': False, 'cmake_clean_first': False, 'cmake_force_configure': False, 'cmake_target': None, 'cmake_target_skip_unavailable': False, 'install_base': '/home/manar/ws_mobile/install/my_worlds', 'merge_install': False, 'path': '/home/manar/ws_mobile/src/my_worlds', 'symlink_install': False, 'test_result_base': None}
[0.447s] INFO:colcon.colcon_core.executor:Executing jobs using 'parallel' executor
[0.448s] DEBUG:colcon.colcon_parallel_executor.executor.parallel:run_until_complete
[0.448s] INFO:colcon.colcon_ros.task.ament_python.build:Building ROS package in '/home/manar/ws_mobile/src/mobile_robot' with build type 'ament_python'
[0.448s] Level 1:colcon.colcon_core.shell:create_environment_hook('mobile_robot', 'ament_prefix_path')
[0.454s] INFO:colcon.colcon_core.plugin_system:Skipping extension 'colcon_core.shell.bat': Not used on non-Windows systems
[0.454s] INFO:colcon.colcon_core.shell:Creating environment hook '/home/manar/ws_mobile/install/mobile_robot/share/mobile_robot/hook/ament_prefix_path.ps1'
[0.455s] INFO:colcon.colcon_core.shell:Creating environment descriptor '/home/manar/ws_mobile/install/mobile_robot/share/mobile_robot/hook/ament_prefix_path.dsv'
[0.455s] INFO:colcon.colcon_core.shell:Creating environment hook '/home/manar/ws_mobile/install/mobile_robot/share/mobile_robot/hook/ament_prefix_path.sh'
[0.456s] INFO:colcon.colcon_core.shell:Skip shell extension 'powershell' for command environment: Not usable outside of PowerShell
[0.456s] DEBUG:colcon.colcon_core.shell:Skip shell extension 'dsv' for command environment
[0.462s] INFO:colcon.colcon_ros.task.ament_cmake.build:Building ROS package in '/home/manar/ws_mobile/src/my_worlds' with build type 'ament_cmake'
[0.462s] INFO:colcon.colcon_cmake.task.cmake.build:Building CMake package in '/home/manar/ws_mobile/src/my_worlds'
[0.462s] INFO:colcon.colcon_core.shell:Skip shell extension 'powershell' for command environment: Not usable outside of PowerShell
[0.462s] DEBUG:colcon.colcon_core.shell:Skip shell extension 'dsv' for command environment
[0.736s] INFO:colcon.colcon_core.task.python.build:Building Python package in '/home/manar/ws_mobile/src/mobile_robot'
[0.736s] INFO:colcon.colcon_core.shell:Skip shell extension 'powershell' for command environment: Not usable outside of PowerShell
[0.736s] DEBUG:colcon.colcon_core.shell:Skip shell extension 'dsv' for command environment
[0.743s] DEBUG:colcon.colcon_core.event_handler.log_command:Invoking command in '/home/manar/ws_mobile/build/my_worlds': CMAKE_PREFIX_PATH=${CMAKE_PREFIX_PATH}:/home/manar/ws_mobile/install/mobile_robot:/home/manar/ros2_ws/install/server_robot_sim:/opt/ros/jazzy DEBUGINFOD_URLS=https://debuginfod.ubuntu.com /usr/bin/cmake /home/manar/ws_mobile/src/my_worlds -DCMAKE_INSTALL_PREFIX=/home/manar/ws_mobile/install/my_worlds
[1.646s] DEBUG:colcon.colcon_core.event_handler.log_command:Invoked command in '/home/manar/ws_mobile/build/my_worlds' returned '0': CMAKE_PREFIX_PATH=${CMAKE_PREFIX_PATH}:/home/manar/ws_mobile/install/mobile_robot:/home/manar/ros2_ws/install/server_robot_sim:/opt/ros/jazzy DEBUGINFOD_URLS=https://debuginfod.ubuntu.com /usr/bin/cmake /home/manar/ws_mobile/src/my_worlds -DCMAKE_INSTALL_PREFIX=/home/manar/ws_mobile/install/my_worlds
[1.648s] DEBUG:colcon.colcon_core.event_handler.log_command:Invoking command in '/home/manar/ws_mobile/build/my_worlds': CMAKE_PREFIX_PATH=${CMAKE_PREFIX_PATH}:/home/manar/ws_mobile/install/mobile_robot:/home/manar/ros2_ws/install/server_robot_sim:/opt/ros/jazzy DEBUGINFOD_URLS=https://debuginfod.ubuntu.com /usr/bin/cmake --build /home/manar/ws_mobile/build/my_worlds -- -j8 -l8
[1.697s] DEBUG:colcon.colcon_core.event_handler.log_command:Invoking command in '/home/manar/ws_mobile/src/mobile_robot': DEBUGINFOD_URLS=https://debuginfod.ubuntu.com PYTHONPATH=/home/manar/ws_mobile/build/mobile_robot/prefix_override:/usr/lib/python3/dist-packages/colcon_core/task/python/colcon_distutils_commands:/home/manar/ws_mobile/install/mobile_robot/lib/python3.12/site-packages:${PYTHONPATH} /usr/bin/python3 -W ignore:setup.py install is deprecated -W ignore:easy_install command is deprecated setup.py egg_info --egg-base ../../build/mobile_robot build --build-base /home/manar/ws_mobile/build/mobile_robot/build install --record /home/manar/ws_mobile/build/mobile_robot/install.log --single-version-externally-managed install_data
[1.706s] DEBUG:colcon.colcon_core.event_handler.log_command:Invoked command in '/home/manar/ws_mobile/build/my_worlds' returned '0': CMAKE_PREFIX_PATH=${CMAKE_PREFIX_PATH}:/home/manar/ws_mobile/install/mobile_robot:/home/manar/ros2_ws/install/server_robot_sim:/opt/ros/jazzy DEBUGINFOD_URLS=https://debuginfod.ubuntu.com /usr/bin/cmake --build /home/manar/ws_mobile/build/my_worlds -- -j8 -l8
[1.719s] DEBUG:colcon.colcon_core.event_handler.log_command:Invoking command in '/home/manar/ws_mobile/build/my_worlds': CMAKE_PREFIX_PATH=${CMAKE_PREFIX_PATH}:/home/manar/ws_mobile/install/mobile_robot:/home/manar/ros2_ws/install/server_robot_sim:/opt/ros/jazzy DEBUGINFOD_URLS=https://debuginfod.ubuntu.com /usr/bin/cmake --install /home/manar/ws_mobile/build/my_worlds
[1.733s] Level 1:colcon.colcon_core.environment:create_environment_scripts_only(my_worlds)
[1.733s] DEBUG:colcon.colcon_core.event_handler.log_command:Invoked command in '/home/manar/ws_mobile/build/my_worlds' returned '0': CMAKE_PREFIX_PATH=${CMAKE_PREFIX_PATH}:/home/manar/ws_mobile/install/mobile_robot:/home/manar/ros2_ws/install/server_robot_sim:/opt/ros/jazzy DEBUGINFOD_URLS=https://debuginfod.ubuntu.com /usr/bin/cmake --install /home/manar/ws_mobile/build/my_worlds
[1.738s] Level 1:colcon.colcon_core.environment:checking '/home/manar/ws_mobile/install/my_worlds' for CMake module files
[1.738s] Level 1:colcon.colcon_core.environment:checking '/home/manar/ws_mobile/install/my_worlds' for CMake config files
[1.739s] Level 1:colcon.colcon_core.shell:create_environment_hook('my_worlds', 'cmake_prefix_path')
[1.739s] INFO:colcon.colcon_core.shell:Creating environment hook '/home/manar/ws_mobile/install/my_worlds/share/my_worlds/hook/cmake_prefix_path.ps1'
[1.739s] INFO:colcon.colcon_core.shell:Creating environment descriptor '/home/manar/ws_mobile/install/my_worlds/share/my_worlds/hook/cmake_prefix_path.dsv'
[1.740s] INFO:colcon.colcon_core.shell:Creating environment hook '/home/manar/ws_mobile/install/my_worlds/share/my_worlds/hook/cmake_prefix_path.sh'
[1.740s] Level 1:colcon.colcon_core.environment:checking '/home/manar/ws_mobile/install/my_worlds/bin'
[1.740s] Level 1:colcon.colcon_core.environment:checking '/home/manar/ws_mobile/install/my_worlds/lib/pkgconfig/my_worlds.pc'
[1.740s] Level 1:colcon.colcon_core.environment:checking '/home/manar/ws_mobile/install/my_worlds/lib/python3.12/site-packages'
[1.741s] Level 1:colcon.colcon_core.environment:checking '/home/manar/ws_mobile/install/my_worlds/bin'
[1.741s] INFO:colcon.colcon_core.shell:Creating package script '/home/manar/ws_mobile/install/my_worlds/share/my_worlds/package.ps1'
[1.741s] INFO:colcon.colcon_core.shell:Creating package descriptor '/home/manar/ws_mobile/install/my_worlds/share/my_worlds/package.dsv'
[1.742s] INFO:colcon.colcon_core.shell:Creating package script '/home/manar/ws_mobile/install/my_worlds/share/my_worlds/package.sh'
[1.743s] INFO:colcon.colcon_core.shell:Creating package script '/home/manar/ws_mobile/install/my_worlds/share/my_worlds/package.bash'
[1.743s] INFO:colcon.colcon_core.shell:Creating package script '/home/manar/ws_mobile/install/my_worlds/share/my_worlds/package.zsh'
[1.744s] Level 1:colcon.colcon_core.environment:create_file_with_runtime_dependencies(/home/manar/ws_mobile/install/my_worlds/share/colcon-core/packages/my_worlds)
[1.744s] Level 1:colcon.colcon_core.environment:create_environment_scripts_only(my_worlds)
[1.744s] Level 1:colcon.colcon_core.environment:checking '/home/manar/ws_mobile/install/my_worlds' for CMake module files
[1.745s] Level 1:colcon.colcon_core.environment:checking '/home/manar/ws_mobile/install/my_worlds' for CMake config files
[1.745s] Level 1:colcon.colcon_core.shell:create_environment_hook('my_worlds', 'cmake_prefix_path')
[1.745s] INFO:colcon.colcon_core.shell:Creating environment hook '/home/manar/ws_mobile/install/my_worlds/share/my_worlds/hook/cmake_prefix_path.ps1'
[1.746s] INFO:colcon.colcon_core.shell:Creating environment descriptor '/home/manar/ws_mobile/install/my_worlds/share/my_worlds/hook/cmake_prefix_path.dsv'
[1.746s] INFO:colcon.colcon_core.shell:Creating environment hook '/home/manar/ws_mobile/install/my_worlds/share/my_worlds/hook/cmake_prefix_path.sh'
[1.747s] Level 1:colcon.colcon_core.environment:checking '/home/manar/ws_mobile/install/my_worlds/bin'
[1.747s] Level 1:colcon.colcon_core.environment:checking '/home/manar/ws_mobile/install/my_worlds/lib/pkgconfig/my_worlds.pc'
[1.747s] Level 1:colcon.colcon_core.environment:checking '/home/manar/ws_mobile/install/my_worlds/lib/python3.12/site-packages'
[1.747s] Level 1:colcon.colcon_core.environment:checking '/home/manar/ws_mobile/install/my_worlds/bin'
[1.747s] INFO:colcon.colcon_core.shell:Creating package script '/home/manar/ws_mobile/install/my_worlds/share/my_worlds/package.ps1'
[1.748s] INFO:colcon.colcon_core.shell:Creating package descriptor '/home/manar/ws_mobile/install/my_worlds/share/my_worlds/package.dsv'
[1.748s] INFO:colcon.colcon_core.shell:Creating package script '/home/manar/ws_mobile/install/my_worlds/share/my_worlds/package.sh'
[1.749s] INFO:colcon.colcon_core.shell:Creating package script '/home/manar/ws_mobile/install/my_worlds/share/my_worlds/package.bash'
[1.749s] INFO:colcon.colcon_core.shell:Creating package script '/home/manar/ws_mobile/install/my_worlds/share/my_worlds/package.zsh'
[1.750s] Level 1:colcon.colcon_core.environment:create_file_with_runtime_dependencies(/home/manar/ws_mobile/install/my_worlds/share/colcon-core/packages/my_worlds)
[2.418s] Level 1:colcon.colcon_core.environment:checking '/home/manar/ws_mobile/install/mobile_robot' for CMake module files
[2.418s] DEBUG:colcon.colcon_core.event_handler.log_command:Invoked command in '/home/manar/ws_mobile/src/mobile_robot' returned '0': DEBUGINFOD_URLS=https://debuginfod.ubuntu.com PYTHONPATH=/home/manar/ws_mobile/build/mobile_robot/prefix_override:/usr/lib/python3/dist-packages/colcon_core/task/python/colcon_distutils_commands:/home/manar/ws_mobile/install/mobile_robot/lib/python3.12/site-packages:${PYTHONPATH} /usr/bin/python3 -W ignore:setup.py install is deprecated -W ignore:easy_install command is deprecated setup.py egg_info --egg-base ../../build/mobile_robot build --build-base /home/manar/ws_mobile/build/mobile_robot/build install --record /home/manar/ws_mobile/build/mobile_robot/install.log --single-version-externally-managed install_data
[2.419s] Level 1:colcon.colcon_core.environment:checking '/home/manar/ws_mobile/install/mobile_robot' for CMake config files
[2.419s] Level 1:colcon.colcon_core.environment:checking '/home/manar/ws_mobile/install/mobile_robot/lib'
[2.419s] Level 1:colcon.colcon_core.environment:checking '/home/manar/ws_mobile/install/mobile_robot/bin'
[2.419s] Level 1:colcon.colcon_core.environment:checking '/home/manar/ws_mobile/install/mobile_robot/lib/pkgconfig/mobile_robot.pc'
[2.420s] Level 1:colcon.colcon_core.environment:checking '/home/manar/ws_mobile/install/mobile_robot/lib/python3.12/site-packages'
[2.420s] Level 1:colcon.colcon_core.shell:create_environment_hook('mobile_robot', 'pythonpath')
[2.420s] INFO:colcon.colcon_core.shell:Creating environment hook '/home/manar/ws_mobile/install/mobile_robot/share/mobile_robot/hook/pythonpath.ps1'
[2.420s] INFO:colcon.colcon_core.shell:Creating environment descriptor '/home/manar/ws_mobile/install/mobile_robot/share/mobile_robot/hook/pythonpath.dsv'
[2.421s] INFO:colcon.colcon_core.shell:Creating environment hook '/home/manar/ws_mobile/install/mobile_robot/share/mobile_robot/hook/pythonpath.sh'
[2.421s] Level 1:colcon.colcon_core.environment:checking '/home/manar/ws_mobile/install/mobile_robot/bin'
[2.421s] Level 1:colcon.colcon_core.environment:create_environment_scripts_only(mobile_robot)
[2.422s] INFO:colcon.colcon_core.shell:Creating package script '/home/manar/ws_mobile/install/mobile_robot/share/mobile_robot/package.ps1'
[2.422s] INFO:colcon.colcon_core.shell:Creating package descriptor '/home/manar/ws_mobile/install/mobile_robot/share/mobile_robot/package.dsv'
[2.423s] INFO:colcon.colcon_core.shell:Creating package script '/home/manar/ws_mobile/install/mobile_robot/share/mobile_robot/package.sh'
[2.423s] INFO:colcon.colcon_core.shell:Creating package script '/home/manar/ws_mobile/install/mobile_robot/share/mobile_robot/package.bash'
[2.423s] INFO:colcon.colcon_core.shell:Creating package script '/home/manar/ws_mobile/install/mobile_robot/share/mobile_robot/package.zsh'
[2.424s] Level 1:colcon.colcon_core.environment:create_file_with_runtime_dependencies(/home/manar/ws_mobile/install/mobile_robot/share/colcon-core/packages/mobile_robot)
[2.424s] DEBUG:colcon.colcon_parallel_executor.executor.parallel:closing loop
[2.424s] DEBUG:colcon.colcon_parallel_executor.executor.parallel:loop closed
[2.424s] DEBUG:colcon.colcon_parallel_executor.executor.parallel:run_until_complete finished with '0'
[2.424s] DEBUG:colcon.colcon_core.event_reactor:joining thread
[2.437s] INFO:colcon.colcon_core.plugin_system:Skipping extension 'colcon_notification.desktop_notification.terminal_notifier': Not used on non-Darwin systems
[2.437s] INFO:colcon.colcon_core.plugin_system:Skipping extension 'colcon_notification.desktop_notification.win32': Not used on non-Windows systems
[2.437s] INFO:colcon.colcon_notification.desktop_notification:Sending desktop notification using 'notify2'
[2.450s] DEBUG:colcon.colcon_core.event_reactor:joined thread
[2.451s] INFO:colcon.colcon_core.shell:Creating prefix script '/home/manar/ws_mobile/install/local_setup.ps1'
[2.452s] INFO:colcon.colcon_core.shell:Creating prefix util module '/home/manar/ws_mobile/install/_local_setup_util_ps1.py'
[2.453s] INFO:colcon.colcon_core.shell:Creating prefix chain script '/home/manar/ws_mobile/install/setup.ps1'
[2.454s] INFO:colcon.colcon_core.shell:Creating prefix script '/home/manar/ws_mobile/install/local_setup.sh'
[2.454s] INFO:colcon.colcon_core.shell:Creating prefix util module '/home/manar/ws_mobile/install/_local_setup_util_sh.py'
[2.455s] INFO:colcon.colcon_core.shell:Creating prefix chain script '/home/manar/ws_mobile/install/setup.sh'
[2.457s] INFO:colcon.colcon_core.shell:Creating prefix script '/home/manar/ws_mobile/install/local_setup.bash'
[2.458s] INFO:colcon.colcon_core.shell:Creating prefix chain script '/home/manar/ws_mobile/install/setup.bash'
[2.460s] INFO:colcon.colcon_core.shell:Creating prefix script '/home/manar/ws_mobile/install/local_setup.zsh'
[2.460s] INFO:colcon.colcon_core.shell:Creating prefix chain script '/home/manar/ws_mobile/install/setup.zsh'
