[1.249s] Invoking command in '/home/manar/ws_mobile/src/mobile_robot': DEBUGINFOD_URLS=https://debuginfod.ubuntu.com PYTHONPATH=/home/manar/ws_mobile/build/mobile_robot/prefix_override:/usr/lib/python3/dist-packages/colcon_core/task/python/colcon_distutils_commands:/home/manar/ws_mobile/install/mobile_robot/lib/python3.12/site-packages:${PYTHONPATH} /usr/bin/python3 -W ignore:setup.py install is deprecated -W ignore:easy_install command is deprecated setup.py egg_info --egg-base ../../build/mobile_robot build --build-base /home/manar/ws_mobile/build/mobile_robot/build install --record /home/manar/ws_mobile/build/mobile_robot/install.log --single-version-externally-managed install_data
[1.605s] running egg_info
[1.606s] creating ../../build/mobile_robot/mobile_robot.egg-info
[1.633s] writing ../../build/mobile_robot/mobile_robot.egg-info/PKG-INFO
[1.633s] writing dependency_links to ../../build/mobile_robot/mobile_robot.egg-info/dependency_links.txt
[1.633s] writing requirements to ../../build/mobile_robot/mobile_robot.egg-info/requires.txt
[1.633s] writing top-level names to ../../build/mobile_robot/mobile_robot.egg-info/top_level.txt
[1.633s] writing manifest file '../../build/mobile_robot/mobile_robot.egg-info/SOURCES.txt'
[1.688s] reading manifest file '../../build/mobile_robot/mobile_robot.egg-info/SOURCES.txt'
[1.689s] writing manifest file '../../build/mobile_robot/mobile_robot.egg-info/SOURCES.txt'
[1.689s] running build
[1.689s] running build_py
[1.690s] creating /home/manar/ws_mobile/build/mobile_robot/build
[1.690s] creating /home/manar/ws_mobile/build/mobile_robot/build/lib
[1.690s] creating /home/manar/ws_mobile/build/mobile_robot/build/lib/mobile_robot
[1.690s] copying mobile_robot/__init__.py -> /home/manar/ws_mobile/build/mobile_robot/build/lib/mobile_robot
[1.690s] running install
[1.697s] running install_lib
[1.726s] creating /home/manar/ws_mobile/install/mobile_robot/lib/python3.12/site-packages/mobile_robot
[1.726s] copying /home/manar/ws_mobile/build/mobile_robot/build/lib/mobile_robot/__init__.py -> /home/manar/ws_mobile/install/mobile_robot/lib/python3.12/site-packages/mobile_robot
[1.727s] byte-compiling /home/manar/ws_mobile/install/mobile_robot/lib/python3.12/site-packages/mobile_robot/__init__.py to __init__.cpython-312.pyc
[1.727s] running install_data
[1.727s] creating /home/manar/ws_mobile/install/mobile_robot/share/ament_index
[1.727s] creating /home/manar/ws_mobile/install/mobile_robot/share/ament_index/resource_index
[1.727s] creating /home/manar/ws_mobile/install/mobile_robot/share/ament_index/resource_index/packages
[1.727s] copying resource/mobile_robot -> /home/manar/ws_mobile/install/mobile_robot/share/ament_index/resource_index/packages
[1.727s] copying package.xml -> /home/manar/ws_mobile/install/mobile_robot/share/mobile_robot
[1.728s] creating /home/manar/ws_mobile/install/mobile_robot/share/mobile_robot/model
[1.728s] copying model/bridge_parameters.yaml -> /home/manar/ws_mobile/install/mobile_robot/share/mobile_robot/model
[1.728s] copying model/robot.xacro -> /home/manar/ws_mobile/install/mobile_robot/share/mobile_robot/model
[1.728s] copying model/robot.gazebo -> /home/manar/ws_mobile/install/mobile_robot/share/mobile_robot/model
[1.728s] creating /home/manar/ws_mobile/install/mobile_robot/share/mobile_robot/launch
[1.728s] copying launch/gazebo_model.launch.py -> /home/manar/ws_mobile/install/mobile_robot/share/mobile_robot/launch
[1.728s] copying launch/gazebo.launch.py -> /home/manar/ws_mobile/install/mobile_robot/share/mobile_robot/launch
[1.728s] creating /home/manar/ws_mobile/install/mobile_robot/share/mobile_robot/parameters
[1.728s] copying parameters/bridge_parameters.yaml -> /home/manar/ws_mobile/install/mobile_robot/share/mobile_robot/parameters
[1.728s] running install_egg_info
[1.758s] Copying ../../build/mobile_robot/mobile_robot.egg-info to /home/manar/ws_mobile/install/mobile_robot/lib/python3.12/site-packages/mobile_robot-0.0.0-py3.12.egg-info
[1.758s] running install_scripts
[1.939s] writing list of installed files to '/home/manar/ws_mobile/build/mobile_robot/install.log'
[1.970s] Invoked command in '/home/manar/ws_mobile/src/mobile_robot' returned '0': DEBUGINFOD_URLS=https://debuginfod.ubuntu.com PYTHONPATH=/home/manar/ws_mobile/build/mobile_robot/prefix_override:/usr/lib/python3/dist-packages/colcon_core/task/python/colcon_distutils_commands:/home/manar/ws_mobile/install/mobile_robot/lib/python3.12/site-packages:${PYTHONPATH} /usr/bin/python3 -W ignore:setup.py install is deprecated -W ignore:easy_install command is deprecated setup.py egg_info --egg-base ../../build/mobile_robot build --build-base /home/manar/ws_mobile/build/mobile_robot/build install --record /home/manar/ws_mobile/build/mobile_robot/install.log --single-version-externally-managed install_data
